
------------------------------------------------------------
Sender: LSF System <lsfadmin@ottavino000-165.orchestra>
Subject: Job 2010573: <Cuffnorm> Done

Job <Cuffnorm> was submitted from host <loge.orchestra> by user <tac15> in cluster <hms_orchestra>.
Job was executed on host(s) <4*ottavino000-165.orchestra>, in queue <mcore>, as user <tac15> in cluster <hms_orchestra>.
</home/tac15> was used as the home directory.
</n/data1/hms/genetics/seidman/danny/RNASEQ/alextwc/20160913Cuffnorm> was used as the working directory.
Started at Tue Sep 13 15:23:04 2016
Results reported at Tue Sep 13 15:42:01 2016

Your job looked like:

------------------------------------------------------------
# LSBATCH: User input
#!/bin/bash
#BSUB -W 96:0
#BSUB -J Cuffnorm
#BSUB -q mcore
#BSUB -o Cuffnorm_%J.out
#BSUB -e Cuffnorm_%J.screen
#BSUB -R 'rusage[mem=16384] span[hosts=1]'
#BSUB -n 4
#module load seq/skewer/0.1.120

module load seq/samtools/1.3
module load seq/fastqc/0.11.3
module load seq/bamtools/2.2.3
module load seq/cufflinks/2.2.1

     cd /n/data1/hms/genetics/seidman/danny/RNASEQ/alextwc/20160913Cuffnorm/
# mkdir /n/data1/hms/genetics/seidman/danny/RNASEQ/alextwc/20160913Cuffnorm/cuffnorm_out/
#    cd /n/data1/hms/genetics/seidman/danny/RNASEQ/alextwc/20160913Cuffnorm/cuffnorm_out/

( /opt/cufflinks-2.2.1-bin/cuffnorm -p 4 -o cuffnorm_out -L post,pre /n/data1/hms/genetics/seidman/danny/RNASEQ/alextwc/20160909Cuffmerge/mergedtranscripts/mergedID.gtf \
/n/data1/hms/genetics/seidman/danny/RNASEQ/alextwc/20160912Cuffquant/CXBfiles/003V_post.abundances.cxb,\
/n/data1/hms/genetics/seidman/danny/RNASEQ/alextwc/20160912Cuffquant/CXBfiles/004V_post.abundances.cxb,\
/n/data1/hms/genetics/seidman/danny/RNASEQ/alextwc/20160912Cuffquant/CXBfiles/006V_post.abundances.cxb,\
/n/data1/hms/genetics/seidman/danny/RNASEQ/alextwc/20160912Cuffquant/CXBfiles/008V_post.abundances.cxb,\
/n/data1/hms/genetics/seidman/danny/RNASEQ/alextwc/20160912Cuffquant/CXBfiles/009V_post.abundances.cxb,\
/n/data1/hms/genetics/seidman/danny/RNASEQ/alextwc/20160912Cuffquant/CXBfiles/012V_post.abundances.cxb,\
/n/data1/hms/genetics/seidman/danny/RNASEQ/alextwc/20160912Cuffquant/CXBfiles/013V_post.abundances.cxb,\
/n/data1/hms/genetics/seidman/danny/RNASEQ/alextwc/20160912Cuffquant/CXBfiles/014V_post.abundances.cxb,\
/n/data1/hms/genetics/seidman/danny/RNASEQ/alextwc/20160912Cuffquant/CXBfiles/015V_post.abundances.cxb,\
/n/data1/hms/genetics/seidman/danny/RNASEQ/alextwc/20160912Cuffquant/CXBfiles/017V_post.abundances.cxb,\
/n/data1/hms/genetics/seidman/danny/RNASEQ/alextwc/20160912Cuffquant/CXBfiles/018V_post.abundances.cxb,\
/n/data1/hms/genetics/seidman/danny/RNASEQ/alextwc/20160912Cuffquant/CXBfiles/021V_post.abundances.cxb,\
/n/data1/hms/genetics/seidman/danny/RNASEQ/alextwc/20160912Cuffquant/CXBfiles/022V_post.abundances.cxb,\
/n/data1/hms/genetics/seidman/danny/RNASEQ/alextwc/20160912Cuffquant/CXBfiles/024V_post.abundances.cxb,\
/n/data1/hms/genetics/seidman/danny/RNASEQ/alextwc/20160912Cuffquant/CXBfiles/027V_post.abundances.cxb,\
/n/data1/hms/genetics/seidman/danny/RNASEQ/alextwc/20160912Cuffquant/CXBfiles/028V_post.abundances.cxb,\
/n/data1/hms/genetics/seidman/danny/RNASEQ/alextwc/20160912Cuffquant/CXBfiles/029V_post.abundances.cxb,\
/n/data1/hms/genetics/seidman/danny/RNASEQ/alextwc/20160912Cuffquant/CXBfiles/030V_post.abundances.cxb,\
/n/data1/hms/genetics/seidman/danny/RNASEQ/alextwc/20160912Cuffquant/CXBfiles/031V_post.abundances.cxb,\
/n/data1/hms/genetics/seidman/danny/RNASEQ/alextwc/20160912Cuffquant/CXBfiles/032V_post.abundances.cxb,\
/n/data1/hms/genetics/seidman/danny/RNASEQ/alextwc/20160912Cuffquant/CXBfiles/033V_post.abundances.cxb,\
/n/data1/hms/genetics/seidman/danny/RNASEQ/alextwc/20160912Cuffquant/CXBfiles/034V_post.abundances.cxb,\
/n/data1/hms/genetics/seidman/danny/RNASEQ/alextwc/20160912Cuffquant/CXBfiles/035V_post.abundances.cxb,\
/n/data1/hms/genetics/seidman/danny/RNASEQ/alextwc/20160912Cuffquant/CXBfiles/037V_post.abundances.cxb,\
/n/data1/hms/genetics/seidman/danny/RNASEQ/alextwc/20160912Cuffquant/CXBfiles/039V_post.abundances.cxb,\
/n/data1/hms/genetics/seidman/danny/RNASEQ/alextwc/20160912Cuffquant/CXBfiles/041V_post.abundances.cxb,\
/n/data1/hms/genetics/seidman/danny/RNASEQ/alextwc/20160912Cuffquant/CXBfiles/042V_post.abundances.cxb,\
/n/data1/hms/genetics/seidman/danny/RNASEQ/alextwc/20160912Cuffquant/CXBfiles/043V_post.abundances.cxb,\
/n/data1/hms/genetics/seidman/danny/RNASEQ/alextwc/20160912Cuffquant/CXBfiles/044V_post.abundances.cxb,\
/n/data1/hms/genetics/seidman/danny/RNASEQ/alextwc/20160912Cuffquant/CXBfiles/045V_post.abundances.cxb,\

(... more ...)
------------------------------------------------------------

Successfully completed.

Resource usage summary:

    CPU time   :   1393.14 sec.
    Max Memory :     18243 MB
    Max Swap   :     18725 MB

    Max Processes  :         4
    Max Threads    :         9

The output (if any) is above this job summary.



PS:

Read file <Cuffnorm_2010573.screen> for stderr output of this job.

